<?xml version="1.0" encoding="UTF-8"?>
<!-- Generated by org.testng.reporters.JUnitReportReporter -->
<testsuite hostname="ATMECSINLT-829" failures="0" tests="4" name="com.swaglabsdemo.testscripts.LoginTest" time="13.487" errors="0" timestamp="2022-11-02T17:13:29 IST" skipped="0">
  <testcase classname="com.swaglabsdemo.testscripts.LoginTest" name="loginTest" time="3.740"/>
  <system-out/>
  <testcase classname="com.swaglabsdemo.testscripts.LoginTest" name="loginPageTitleTest" time="3.861"/>
  <system-out/>
  <testcase classname="com.swaglabsdemo.testscripts.LoginTest" name="loginPageTitleTest" time="2.155"/>
  <system-out/>
  <testcase classname="com.swaglabsdemo.testscripts.LoginTest" name="loginTest" time="3.731"/>
  <system-out/>
</testsuite> <!-- com.swaglabsdemo.testscripts.LoginTest -->
