<?xml version="1.0" encoding="UTF-8"?>
<!-- Generated by org.testng.reporters.JUnitReportReporter -->
<testsuite hostname="ATMECSINLT-829" failures="0" tests="1" name="com.swaglabsdemo.TestBase.TestBase" time="4.174" errors="0" timestamp="2022-11-01T17:15:39 IST" skipped="0">
  <testcase classname="com.swaglabsdemo.TestBase.TestBase" name="initialization" time="4.174"/>
  <system-out/>
</testsuite> <!-- com.swaglabsdemo.TestBase.TestBase -->
