<?xml version="1.0" encoding="UTF-8"?>
<!-- Generated by org.testng.reporters.JUnitReportReporter -->
<testsuite hostname="ATMECSINLT-829" failures="0" tests="6" name="com.swaglabsdemo.testscripts.VerifyMenuItemsTest" time="81.720" errors="0" timestamp="2022-11-03T18:22:41 IST" skipped="0">
  <testcase classname="com.swaglabsdemo.testscripts.VerifyMenuItemsTest" name="verifyMenuItems" time="26.267"/>
  <system-out/>
  <testcase classname="com.swaglabsdemo.testscripts.VerifyMenuItemsTest" name="verifyMenuItems" time="6.389"/>
  <system-out/>
  <testcase classname="com.swaglabsdemo.testscripts.VerifyMenuItemsTest" name="verifyMenuItems" time="9.326"/>
  <system-out/>
  <testcase classname="com.swaglabsdemo.testscripts.VerifyMenuItemsTest" name="verifyMenuItems" time="7.798"/>
  <system-out/>
  <testcase classname="com.swaglabsdemo.testscripts.VerifyMenuItemsTest" name="verifyMenuItems" time="22.306"/>
  <system-out/>
  <testcase classname="com.swaglabsdemo.testscripts.VerifyMenuItemsTest" name="verifyMenuItems" time="9.634"/>
  <system-out/>
</testsuite> <!-- com.swaglabsdemo.testscripts.VerifyMenuItemsTest -->
