<?xml version="1.0" encoding="UTF-8"?>
<!-- Generated by org.testng.reporters.JUnitReportReporter -->
<testsuite hostname="ATMECSINLT-829" failures="0" tests="2" name="com.swaglabsdemo.testscripts.LoginTest" time="8.249" errors="0" timestamp="2022-11-01T18:17:25 IST" skipped="0">
  <testcase classname="com.swaglabsdemo.testscripts.LoginTest" name="loginTest" time="4.125"/>
  <system-out/>
  <testcase classname="com.swaglabsdemo.testscripts.LoginTest" name="loginTest" time="4.124"/>
  <system-out/>
</testsuite> <!-- com.swaglabsdemo.testscripts.LoginTest -->
